Determining if the pthread_create exist failed with the following output:
Change Dir: /home/jeb/BNR/BUILD/sfizz/sfizz-1.0.0-0+nmu1/build/CMakeFiles/CMakeTmp

Run Build Command:"/usr/bin/make" "cmTC_94d39/fast"
make[1]: Entering directory '/home/jeb/BNR/BUILD/sfizz/sfizz-1.0.0-0+nmu1/build/CMakeFiles/CMakeTmp'
/usr/bin/make -f CMakeFiles/cmTC_94d39.dir/build.make CMakeFiles/cmTC_94d39.dir/build
make[2]: Entering directory '/home/jeb/BNR/BUILD/sfizz/sfizz-1.0.0-0+nmu1/build/CMakeFiles/CMakeTmp'
Building C object CMakeFiles/cmTC_94d39.dir/CheckSymbolExists.c.o
/usr/bin/cc   -fPIE   -o CMakeFiles/cmTC_94d39.dir/CheckSymbolExists.c.o   -c /home/jeb/BNR/BUILD/sfizz/sfizz-1.0.0-0+nmu1/build/CMakeFiles/CMakeTmp/CheckSymbolExists.c
Linking C executable cmTC_94d39
/usr/bin/cmake -E cmake_link_script CMakeFiles/cmTC_94d39.dir/link.txt --verbose=1
/usr/bin/cc      CMakeFiles/cmTC_94d39.dir/CheckSymbolExists.c.o  -o cmTC_94d39 
/usr/bin/ld: CMakeFiles/cmTC_94d39.dir/CheckSymbolExists.c.o: in function `main':
CheckSymbolExists.c:(.text+0x1b): undefined reference to `pthread_create'
collect2: error: ld returned 1 exit status
make[2]: *** [CMakeFiles/cmTC_94d39.dir/build.make:87: cmTC_94d39] Error 1
make[2]: Leaving directory '/home/jeb/BNR/BUILD/sfizz/sfizz-1.0.0-0+nmu1/build/CMakeFiles/CMakeTmp'
make[1]: *** [Makefile:121: cmTC_94d39/fast] Error 2
make[1]: Leaving directory '/home/jeb/BNR/BUILD/sfizz/sfizz-1.0.0-0+nmu1/build/CMakeFiles/CMakeTmp'

File /home/jeb/BNR/BUILD/sfizz/sfizz-1.0.0-0+nmu1/build/CMakeFiles/CMakeTmp/CheckSymbolExists.c:
/* */
#include <pthread.h>

int main(int argc, char** argv)
{
  (void)argv;
#ifndef pthread_create
  return ((int*)(&pthread_create))[argc];
#else
  (void)argc;
  return 0;
#endif
}

Determining if the function pthread_create exists in the pthreads failed with the following output:
Change Dir: /home/jeb/BNR/BUILD/sfizz/sfizz-1.0.0-0+nmu1/build/CMakeFiles/CMakeTmp

Run Build Command:"/usr/bin/make" "cmTC_64b9e/fast"
make[1]: Entering directory '/home/jeb/BNR/BUILD/sfizz/sfizz-1.0.0-0+nmu1/build/CMakeFiles/CMakeTmp'
/usr/bin/make -f CMakeFiles/cmTC_64b9e.dir/build.make CMakeFiles/cmTC_64b9e.dir/build
make[2]: Entering directory '/home/jeb/BNR/BUILD/sfizz/sfizz-1.0.0-0+nmu1/build/CMakeFiles/CMakeTmp'
Building C object CMakeFiles/cmTC_64b9e.dir/CheckFunctionExists.c.o
/usr/bin/cc   -DCHECK_FUNCTION_EXISTS=pthread_create -fPIE   -o CMakeFiles/cmTC_64b9e.dir/CheckFunctionExists.c.o   -c /usr/share/cmake-3.13/Modules/CheckFunctionExists.c
Linking C executable cmTC_64b9e
/usr/bin/cmake -E cmake_link_script CMakeFiles/cmTC_64b9e.dir/link.txt --verbose=1
/usr/bin/cc  -DCHECK_FUNCTION_EXISTS=pthread_create    CMakeFiles/cmTC_64b9e.dir/CheckFunctionExists.c.o  -o cmTC_64b9e -lpthreads 
/usr/bin/ld: cannot find -lpthreads
collect2: error: ld returned 1 exit status
make[2]: *** [CMakeFiles/cmTC_64b9e.dir/build.make:87: cmTC_64b9e] Error 1
make[2]: Leaving directory '/home/jeb/BNR/BUILD/sfizz/sfizz-1.0.0-0+nmu1/build/CMakeFiles/CMakeTmp'
make[1]: *** [Makefile:121: cmTC_64b9e/fast] Error 2
make[1]: Leaving directory '/home/jeb/BNR/BUILD/sfizz/sfizz-1.0.0-0+nmu1/build/CMakeFiles/CMakeTmp'


