Loading UI file /usr/share/patchage/patchage.ui

(patchage:2500): Gdk-WARNING **: 22:16:35.420: gdk_window_set_icon_list: icons too large
Loading configuration from /home/jeb/.config/patchagerc
Warning: cell size too small for content
in label of node n0
Warning: cell size too small for content
in label of node n1
Warning: cell size too small for content
Warning: cell size too small for content
Warning: cell size too small for content
Warning: cell size too small for content
in label of node n10
Warning: cell size too small for content
in label of node n11
Warning: cell size too small for content
in label of node n12
Warning: cell size too small for content
in label of node n13
Warning: cell size too small for content
in label of node n14
Warning: cell size too small for content
in label of node n15
Warning: cell size too small for content
in label of node n16
Warning: cell size too small for content
in label of node n17
Loading UI file /usr/share/patchage/patchage.ui

(patchage:2514): Gdk-WARNING **: 22:16:55.839: gdk_window_set_icon_list: icons too large
Loading configuration from /home/jeb/.config/patchagerc
Warning: cell size too small for content
in label of node n0
Warning: cell size too small for content
in label of node n1
Warning: cell size too small for content
Warning: cell size too small for content
Warning: cell size too small for content
Warning: cell size too small for content
in label of node n8
Warning: cell size too small for content
Warning: cell size too small for content
Warning: cell size too small for content
Warning: cell size too small for content
Warning: cell size too small for content
Warning: cell size too small for content
Warning: cell size too small for content
Warning: cell size too small for content
in label of node n9
Warning: cell size too small for content
Warning: cell size too small for content
Warning: cell size too small for content
Warning: cell size too small for content
in label of node n10
Warning: cell size too small for content
in label of node n11
Warning: cell size too small for content
in label of node n12
Warning: cell size too small for content
in label of node n13
Warning: cell size too small for content
in label of node n14
Warning: cell size too small for content
in label of node n15
Warning: cell size too small for content
in label of node n16
Warning: cell size too small for content
in label of node n17
Loading UI file /usr/share/patchage/patchage.ui

(patchage:2523): Gdk-WARNING **: 22:17:27.229: gdk_window_set_icon_list: icons too large
Loading configuration from /home/jeb/.config/patchagerc
Loading UI file /usr/share/patchage/patchage.ui

(patchage:2530): Gdk-WARNING **: 22:17:35.345: gdk_window_set_icon_list: icons too large
Loading configuration from /home/jeb/.config/patchagerc
Warning: cell size too small for content
in label of node n0
Warning: cell size too small for content
in label of node n1
Warning: cell size too small for content
in label of node n4
Warning: cell size too small for content
in label of node n5
Warning: cell size too small for content
in label of node n6
Warning: cell size too small for content
in label of node n7
Warning: cell size too small for content
in label of node n8
Warning: cell size too small for content
in label of node n9
Warning: cell size too small for content
in label of node n10
Warning: no translation found for 'en_US' locale: /usr/share/qt5/translations/qt_en_US.qm
Warning: no translation found for 'en_US' locale: /usr/share/qsampler/translations/qsampler_en_US.qm
Warning: no translation found for 'en_US' locale: /usr/share/qt5/translations/qt_en_US.qm
Warning: no translation found for 'en_US' locale: /usr/share/qsampler/translations/qsampler_en_US.qm
