This file contains any messages produced by compilers while
running configure, to aid debugging if configure makes a mistake.

It was created by aj-snapshot configure 0.9.9, which was
generated by GNU Autoconf 2.69.  Invocation command line was

  $ ./configure 

## --------- ##
## Platform. ##
## --------- ##

hostname = bnr4
uname -m = x86_64
uname -r = 5.10.0-8mx-rt-amd64
uname -s = Linux
uname -v = #1 SMP PREEMPT_RT Debian 5.10.46-1~mx19+1 (2021-06-28)

/usr/bin/uname -p = unknown
/bin/uname -X     = unknown

/bin/arch              = x86_64
/usr/bin/arch -k       = unknown
/usr/convex/getsysinfo = unknown
/usr/bin/hostinfo      = unknown
/bin/machine           = unknown
/usr/bin/oslevel       = unknown
/bin/universe          = unknown

PATH: /usr/local/bin
PATH: /usr/bin
PATH: /bin
PATH: /usr/local/games
PATH: /usr/games
PATH: /sbin
PATH: /usr/sbin


## ----------- ##
## Core tests. ##
## ----------- ##

configure:2148: checking for a BSD-compatible install
configure:2216: result: /usr/bin/install -c
configure:2227: checking whether build environment is sane
configure:2282: result: yes
configure:2431: checking for a thread-safe mkdir -p
configure:2470: result: /usr/bin/mkdir -p
configure:2477: checking for gawk
configure:2493: found /usr/bin/gawk
configure:2504: result: gawk
configure:2515: checking whether make sets $(MAKE)
configure:2537: result: yes
configure:2566: checking whether make supports nested variables
configure:2583: result: yes
configure:2716: checking for gawk
configure:2743: result: gawk
configure:2802: checking for gcc
configure:2818: found /usr/bin/gcc
configure:2829: result: gcc
configure:3058: checking for C compiler version
configure:3067: gcc --version >&5
gcc (Debian 8.3.0-6) 8.3.0
Copyright (C) 2018 Free Software Foundation, Inc.
This is free software; see the source for copying conditions.  There is NO
warranty; not even for MERCHANTABILITY or FITNESS FOR A PARTICULAR PURPOSE.

configure:3078: $? = 0
configure:3067: gcc -v >&5
Using built-in specs.
COLLECT_GCC=gcc
COLLECT_LTO_WRAPPER=/usr/lib/gcc/x86_64-linux-gnu/8/lto-wrapper
OFFLOAD_TARGET_NAMES=nvptx-none
OFFLOAD_TARGET_DEFAULT=1
Target: x86_64-linux-gnu
Configured with: ../src/configure -v --with-pkgversion='Debian 8.3.0-6' --with-bugurl=file:///usr/share/doc/gcc-8/README.Bugs --enable-languages=c,ada,c++,go,brig,d,fortran,objc,obj-c++ --prefix=/usr --with-gcc-major-version-only --program-suffix=-8 --program-prefix=x86_64-linux-gnu- --enable-shared --enable-linker-build-id --libexecdir=/usr/lib --without-included-gettext --enable-threads=posix --libdir=/usr/lib --enable-nls --enable-bootstrap --enable-clocale=gnu --enable-libstdcxx-debug --enable-libstdcxx-time=yes --with-default-libstdcxx-abi=new --enable-gnu-unique-object --disable-vtable-verify --enable-libmpx --enable-plugin --enable-default-pie --with-system-zlib --with-target-system-zlib --enable-objc-gc=auto --enable-multiarch --disable-werror --with-arch-32=i686 --with-abi=m64 --with-multilib-list=m32,m64,mx32 --enable-multilib --with-tune=generic --enable-offload-targets=nvptx-none --without-cuda-driver --enable-checking=release --build=x86_64-linux-gnu --host=x86_64-linux-gnu --target=x86_64-linux-gnu
Thread model: posix
gcc version 8.3.0 (Debian 8.3.0-6) 
configure:3078: $? = 0
configure:3067: gcc -V >&5
gcc: error: unrecognized command line option '-V'
gcc: fatal error: no input files
compilation terminated.
configure:3078: $? = 1
configure:3067: gcc -qversion >&5
gcc: error: unrecognized command line option '-qversion'; did you mean '--version'?
gcc: fatal error: no input files
compilation terminated.
configure:3078: $? = 1
configure:3098: checking whether the C compiler works
configure:3120: gcc -march=native -mtune=native -O3 -march=native -mtune=native -O3  conftest.c  >&5
configure:3124: $? = 0
configure:3172: result: yes
configure:3175: checking for C compiler default output file name
configure:3177: result: a.out
configure:3183: checking for suffix of executables
configure:3190: gcc -o conftest -march=native -mtune=native -O3 -march=native -mtune=native -O3  conftest.c  >&5
configure:3194: $? = 0
configure:3216: result: 
configure:3238: checking whether we are cross compiling
configure:3246: gcc -o conftest -march=native -mtune=native -O3 -march=native -mtune=native -O3  conftest.c  >&5
configure:3250: $? = 0
configure:3257: ./conftest
configure:3261: $? = 0
configure:3249: result: no
configure:3254: checking for suffix of object files
configure:3276: gcc -c -march=native -mtune=native -O3 -march=native -mtune=native -O3 conftest.c >&5
configure:3280: $? = 0
configure:3301: result: o
configure:3305: checking whether we are using the GNU C compiler
configure:3324: gcc -c -march=native -mtune=native -O3 -march=native -mtune=native -O3 conftest.c >&5
configure:3324: $? = 0
configure:3333: result: yes
configure:3342: checking whether gcc accepts -g
configure:3362: gcc -c -g -march=native -mtune=native -O3 conftest.c >&5
configure:3362: $? = 0
configure:3403: result: yes
configure:3420: checking for gcc option to accept ISO C89
configure:3483: gcc  -c -march=native -mtune=native -O3 -march=native -mtune=native -O3 conftest.c >&5
configure:3483: $? = 0
configure:3496: result: none needed
configure:3521: checking whether gcc understands -c and -o together
configure:3543: gcc -c conftest.c -o conftest2.o
configure:3546: $? = 0
configure:3543: gcc -c conftest.c -o conftest2.o
configure:3546: $? = 0
configure:3558: result: yes
configure:3578: checking whether make supports the include directive
configure:3593: make -f confmf.GNU && cat confinc.out
this is the am__doit target
configure:3596: $? = 0
configure:3615: result: yes (GNU style)
configure:3640: checking dependency style of gcc
configure:3751: result: gcc3
configure:3767: checking whether ln -s works
configure:3771: result: yes
configure:3785: checking how to run the C preprocessor
configure:3816: gcc -E -march=native -mtune=native -O3 conftest.c
configure:3816: $? = 0
configure:3830: gcc -E -march=native -mtune=native -O3 conftest.c
conftest.c:11:10: fatal error: ac_nonexistent.h: No such file or directory
 #include <ac_nonexistent.h>
          ^~~~~~~~~~~~~~~~~~
compilation terminated.
configure:3830: $? = 1
configure: failed program was:
| /* confdefs.h */
| #define PACKAGE_NAME "aj-snapshot"
| #define PACKAGE_TARNAME "aj-snapshot"
| #define PACKAGE_VERSION "0.9.9"
| #define PACKAGE_STRING "aj-snapshot 0.9.9"
| #define PACKAGE_BUGREPORT "lievenmoors@gmail.com"
| #define PACKAGE_URL ""
| #define PACKAGE "aj-snapshot"
| #define VERSION "0.9.9"
| /* end confdefs.h.  */
| #include <ac_nonexistent.h>
configure:3855: result: gcc -E
configure:3875: gcc -E -march=native -mtune=native -O3 conftest.c
configure:3875: $? = 0
configure:3889: gcc -E -march=native -mtune=native -O3 conftest.c
conftest.c:11:10: fatal error: ac_nonexistent.h: No such file or directory
 #include <ac_nonexistent.h>
          ^~~~~~~~~~~~~~~~~~
compilation terminated.
configure:3889: $? = 1
configure: failed program was:
| /* confdefs.h */
| #define PACKAGE_NAME "aj-snapshot"
| #define PACKAGE_TARNAME "aj-snapshot"
| #define PACKAGE_VERSION "0.9.9"
| #define PACKAGE_STRING "aj-snapshot 0.9.9"
| #define PACKAGE_BUGREPORT "lievenmoors@gmail.com"
| #define PACKAGE_URL ""
| #define PACKAGE "aj-snapshot"
| #define VERSION "0.9.9"
| /* end confdefs.h.  */
| #include <ac_nonexistent.h>
configure:3918: checking for grep that handles long lines and -e
configure:3976: result: /usr/bin/grep
configure:3981: checking for egrep
configure:4043: result: /usr/bin/grep -E
configure:4048: checking for ANSI C header files
configure:4068: gcc -c -march=native -mtune=native -O3 -march=native -mtune=native -O3 conftest.c >&5
configure:4068: $? = 0
configure:4141: gcc -o conftest -march=native -mtune=native -O3 -march=native -mtune=native -O3  conftest.c  >&5
configure:4141: $? = 0
configure:4141: ./conftest
configure:4141: $? = 0
configure:4152: result: yes
configure:4165: checking for sys/types.h
configure:4165: gcc -c -march=native -mtune=native -O3 -march=native -mtune=native -O3 conftest.c >&5
configure:4165: $? = 0
configure:4165: result: yes
configure:4165: checking for sys/stat.h
configure:4165: gcc -c -march=native -mtune=native -O3 -march=native -mtune=native -O3 conftest.c >&5
configure:4165: $? = 0
configure:4165: result: yes
configure:4165: checking for stdlib.h
configure:4165: gcc -c -march=native -mtune=native -O3 -march=native -mtune=native -O3 conftest.c >&5
configure:4165: $? = 0
configure:4165: result: yes
configure:4165: checking for string.h
configure:4165: gcc -c -march=native -mtune=native -O3 -march=native -mtune=native -O3 conftest.c >&5
configure:4165: $? = 0
configure:4165: result: yes
configure:4165: checking for memory.h
configure:4165: gcc -c -march=native -mtune=native -O3 -march=native -mtune=native -O3 conftest.c >&5
configure:4165: $? = 0
configure:4165: result: yes
configure:4165: checking for strings.h
configure:4165: gcc -c -march=native -mtune=native -O3 -march=native -mtune=native -O3 conftest.c >&5
configure:4165: $? = 0
configure:4165: result: yes
configure:4165: checking for inttypes.h
configure:4165: gcc -c -march=native -mtune=native -O3 -march=native -mtune=native -O3 conftest.c >&5
configure:4165: $? = 0
configure:4165: result: yes
configure:4165: checking for stdint.h
configure:4165: gcc -c -march=native -mtune=native -O3 -march=native -mtune=native -O3 conftest.c >&5
configure:4165: $? = 0
configure:4165: result: yes
configure:4165: checking for unistd.h
configure:4165: gcc -c -march=native -mtune=native -O3 -march=native -mtune=native -O3 conftest.c >&5
configure:4165: $? = 0
configure:4165: result: yes
configure:4177: checking getopt.h usability
configure:4177: gcc -c -march=native -mtune=native -O3 -march=native -mtune=native -O3 conftest.c >&5
configure:4177: $? = 0
configure:4177: result: yes
configure:4177: checking getopt.h presence
configure:4177: gcc -E -march=native -mtune=native -O3 conftest.c
configure:4177: $? = 0
configure:4177: result: yes
configure:4177: checking for getopt.h
configure:4177: result: yes
configure:4183: checking alsa/asoundlib.h usability
configure:4183: gcc -c -march=native -mtune=native -O3 -march=native -mtune=native -O3 conftest.c >&5
configure:4183: $? = 0
configure:4183: result: yes
configure:4183: checking alsa/asoundlib.h presence
configure:4183: gcc -E -march=native -mtune=native -O3 conftest.c
configure:4183: $? = 0
configure:4183: result: yes
configure:4183: checking for alsa/asoundlib.h
configure:4183: result: yes
configure:4189: checking jack/jack.h usability
configure:4189: gcc -c -march=native -mtune=native -O3 -march=native -mtune=native -O3 conftest.c >&5
configure:4189: $? = 0
configure:4189: result: yes
configure:4189: checking jack/jack.h presence
configure:4189: gcc -E -march=native -mtune=native -O3 conftest.c
configure:4189: $? = 0
configure:4189: result: yes
configure:4189: checking for jack/jack.h
configure:4189: result: yes
configure:4195: checking mxml.h usability
configure:4195: gcc -c -march=native -mtune=native -O3 -march=native -mtune=native -O3 conftest.c >&5
configure:4195: $? = 0
configure:4195: result: yes
configure:4195: checking mxml.h presence
configure:4195: gcc -E -march=native -mtune=native -O3 conftest.c
configure:4195: $? = 0
configure:4195: result: yes
configure:4195: checking for mxml.h
configure:4195: result: yes
configure:4202: checking for main in -lasound
configure:4221: gcc -o conftest -march=native -mtune=native -O3 -march=native -mtune=native -O3  conftest.c -lasound   >&5
configure:4221: $? = 0
configure:4230: result: yes
configure:4243: checking for main in -ljack
configure:4262: gcc -o conftest -march=native -mtune=native -O3 -march=native -mtune=native -O3  conftest.c -ljack  -lasound  >&5
configure:4262: $? = 0
configure:4271: result: yes
configure:4284: checking for mxmlLoadFile in -lmxml
configure:4309: gcc -o conftest -march=native -mtune=native -O3 -march=native -mtune=native -O3  conftest.c -lmxml -lpthread -ljack -lasound  >&5
configure:4309: $? = 0
configure:4318: result: yes
configure:4385: checking for pkg-config
configure:4403: found /usr/bin/pkg-config
configure:4415: result: /usr/bin/pkg-config
configure:4440: checking pkg-config is at least version 0.9.0
configure:4443: result: yes
configure:4453: checking for ALSA
configure:4477: $PKG_CONFIG --exists --print-errors "alsa"
configure:4480: $? = 0
configure:4538: result: yes
configure:4544: checking for JACK
configure:4568: $PKG_CONFIG --exists --print-errors "jack"
configure:4571: $? = 0
configure:4629: result: yes
configure:4635: checking for MXML
configure:4659: $PKG_CONFIG --exists --print-errors "mxml"
configure:4662: $? = 0
configure:4720: result: yes
configure:4865: checking that generated files are newer than configure
configure:4871: result: done
configure:4894: creating ./config.status

## ---------------------- ##
## Running config.status. ##
## ---------------------- ##

This file was extended by aj-snapshot config.status 0.9.9, which was
generated by GNU Autoconf 2.69.  Invocation command line was

  CONFIG_FILES    = 
  CONFIG_HEADERS  = 
  CONFIG_LINKS    = 
  CONFIG_COMMANDS = 
  $ ./config.status 

on bnr4

config.status:785: creating Makefile
config.status:785: creating src/Makefile
config.status:785: creating man/Makefile
config.status:957: executing depfiles commands
config.status:1034: cd src       && sed -e '/# am--include-marker/d' Makefile         | make -f - am--depfiles
make: Nothing to be done for 'am--depfiles'.
config.status:1039: $? = 0

## ---------------- ##
## Cache variables. ##
## ---------------- ##

ac_cv_c_compiler_gnu=yes
ac_cv_env_ALSA_CFLAGS_set=set
ac_cv_env_ALSA_CFLAGS_value='-march=native -mtune=native -O3'
ac_cv_env_ALSA_LIBS_set=
ac_cv_env_ALSA_LIBS_value=
ac_cv_env_CC_set=
ac_cv_env_CC_value=
ac_cv_env_CFLAGS_set=set
ac_cv_env_CFLAGS_value='-march=native -mtune=native -O3'
ac_cv_env_CPPFLAGS_set=set
ac_cv_env_CPPFLAGS_value='-march=native -mtune=native -O3'
ac_cv_env_CPP_set=
ac_cv_env_CPP_value=
ac_cv_env_JACK_CFLAGS_set=set
ac_cv_env_JACK_CFLAGS_value='-march=native -mtune=native -O3'
ac_cv_env_JACK_LIBS_set=
ac_cv_env_JACK_LIBS_value=
ac_cv_env_LDFLAGS_set=
ac_cv_env_LDFLAGS_value=
ac_cv_env_LIBS_set=
ac_cv_env_LIBS_value=
ac_cv_env_MXML_CFLAGS_set=set
ac_cv_env_MXML_CFLAGS_value='-march=native -mtune=native -O3'
ac_cv_env_MXML_LIBS_set=
ac_cv_env_MXML_LIBS_value=
ac_cv_env_PKG_CONFIG_LIBDIR_set=
ac_cv_env_PKG_CONFIG_LIBDIR_value=
ac_cv_env_PKG_CONFIG_PATH_set=
ac_cv_env_PKG_CONFIG_PATH_value=
ac_cv_env_PKG_CONFIG_set=
ac_cv_env_PKG_CONFIG_value=
ac_cv_env_build_alias_set=
ac_cv_env_build_alias_value=
ac_cv_env_host_alias_set=
ac_cv_env_host_alias_value=
ac_cv_env_target_alias_set=
ac_cv_env_target_alias_value=
ac_cv_header_alsa_asoundlib_h=yes
ac_cv_header_getopt_h=yes
ac_cv_header_inttypes_h=yes
ac_cv_header_jack_jack_h=yes
ac_cv_header_memory_h=yes
ac_cv_header_mxml_h=yes
ac_cv_header_stdc=yes
ac_cv_header_stdint_h=yes
ac_cv_header_stdlib_h=yes
ac_cv_header_string_h=yes
ac_cv_header_strings_h=yes
ac_cv_header_sys_stat_h=yes
ac_cv_header_sys_types_h=yes
ac_cv_header_unistd_h=yes
ac_cv_lib_asound_main=yes
ac_cv_lib_jack_main=yes
ac_cv_lib_mxml_mxmlLoadFile=yes
ac_cv_objext=o
ac_cv_path_EGREP='/usr/bin/grep -E'
ac_cv_path_GREP=/usr/bin/grep
ac_cv_path_ac_pt_PKG_CONFIG=/usr/bin/pkg-config
ac_cv_path_install='/usr/bin/install -c'
ac_cv_path_mkdir=/usr/bin/mkdir
ac_cv_prog_AWK=gawk
ac_cv_prog_CPP='gcc -E'
ac_cv_prog_ac_ct_CC=gcc
ac_cv_prog_cc_c89=
ac_cv_prog_cc_g=yes
ac_cv_prog_make_make_set=yes
am_cv_CC_dependencies_compiler_type=gcc3
am_cv_make_support_nested_variables=yes
am_cv_prog_cc_c_o=yes
pkg_cv_ALSA_CFLAGS='-march=native -mtune=native -O3'
pkg_cv_ALSA_LIBS=-lasound
pkg_cv_JACK_CFLAGS='-march=native -mtune=native -O3'
pkg_cv_JACK_LIBS=-ljack
pkg_cv_MXML_CFLAGS='-march=native -mtune=native -O3'
pkg_cv_MXML_LIBS='-lmxml -lpthread'

## ----------------- ##
## Output variables. ##
## ----------------- ##

ACLOCAL='${SHELL} /home/jeb/BUILD/aj-snapshot/aj-snapshot-0.9.9/missing aclocal-1.16'
ALSA_CFLAGS='-march=native -mtune=native -O3'
ALSA_LIBS='-lasound'
AMDEPBACKSLASH='\'
AMDEP_FALSE='#'
AMDEP_TRUE=''
AMTAR='$${TAR-tar}'
AM_BACKSLASH='\'
AM_DEFAULT_V='$(AM_DEFAULT_VERBOSITY)'
AM_DEFAULT_VERBOSITY='1'
AM_V='$(V)'
AUTOCONF='${SHELL} /home/jeb/BUILD/aj-snapshot/aj-snapshot-0.9.9/missing autoconf'
AUTOHEADER='${SHELL} /home/jeb/BUILD/aj-snapshot/aj-snapshot-0.9.9/missing autoheader'
AUTOMAKE='${SHELL} /home/jeb/BUILD/aj-snapshot/aj-snapshot-0.9.9/missing automake-1.16'
AWK='gawk'
CC='gcc'
CCDEPMODE='depmode=gcc3'
CFLAGS='-march=native -mtune=native -O3'
CPP='gcc -E'
CPPFLAGS='-march=native -mtune=native -O3'
CYGPATH_W='echo'
DEFS='-DPACKAGE_NAME=\"aj-snapshot\" -DPACKAGE_TARNAME=\"aj-snapshot\" -DPACKAGE_VERSION=\"0.9.9\" -DPACKAGE_STRING=\"aj-snapshot\ 0.9.9\" -DPACKAGE_BUGREPORT=\"lievenmoors@gmail.com\" -DPACKAGE_URL=\"\" -DPACKAGE=\"aj-snapshot\" -DVERSION=\"0.9.9\" -DSTDC_HEADERS=1 -DHAVE_SYS_TYPES_H=1 -DHAVE_SYS_STAT_H=1 -DHAVE_STDLIB_H=1 -DHAVE_STRING_H=1 -DHAVE_MEMORY_H=1 -DHAVE_STRINGS_H=1 -DHAVE_INTTYPES_H=1 -DHAVE_STDINT_H=1 -DHAVE_UNISTD_H=1 -DHAVE_LIBASOUND=1 -DHAVE_LIBJACK=1 -DHAVE_LIBMXML=1'
DEPDIR='.deps'
ECHO_C=''
ECHO_N='-n'
ECHO_T=''
EGREP='/usr/bin/grep -E'
EXEEXT=''
GREP='/usr/bin/grep'
INSTALL_DATA='${INSTALL} -m 644'
INSTALL_PROGRAM='${INSTALL}'
INSTALL_SCRIPT='${INSTALL}'
INSTALL_STRIP_PROGRAM='$(install_sh) -c -s'
JACK_CFLAGS='-march=native -mtune=native -O3'
JACK_LIBS='-ljack'
LDFLAGS=''
LIBOBJS=''
LIBS='-lmxml -ljack -lasound '
LN_S='ln -s'
LTLIBOBJS=''
MAKEINFO='${SHELL} /home/jeb/BUILD/aj-snapshot/aj-snapshot-0.9.9/missing makeinfo'
MKDIR_P='/usr/bin/mkdir -p'
MXML_CFLAGS='-march=native -mtune=native -O3'
MXML_LIBS='-lmxml -lpthread'
OBJEXT='o'
PACKAGE='aj-snapshot'
PACKAGE_BUGREPORT='lievenmoors@gmail.com'
PACKAGE_NAME='aj-snapshot'
PACKAGE_STRING='aj-snapshot 0.9.9'
PACKAGE_TARNAME='aj-snapshot'
PACKAGE_URL=''
PACKAGE_VERSION='0.9.9'
PATH_SEPARATOR=':'
PKG_CONFIG='/usr/bin/pkg-config'
PKG_CONFIG_LIBDIR=''
PKG_CONFIG_PATH=''
SET_MAKE=''
SHELL='/bin/bash'
STRIP=''
VERSION='0.9.9'
ac_ct_CC='gcc'
am__EXEEXT_FALSE=''
am__EXEEXT_TRUE='#'
am__fastdepCC_FALSE='#'
am__fastdepCC_TRUE=''
am__include='include'
am__isrc=''
am__leading_dot='.'
am__nodep='_no'
am__quote=''
am__tar='$${TAR-tar} chof - "$$tardir"'
am__untar='$${TAR-tar} xf -'
bindir='${exec_prefix}/bin'
build_alias=''
datadir='${datarootdir}'
datarootdir='${prefix}/share'
docdir='${datarootdir}/doc/${PACKAGE_TARNAME}'
dvidir='${docdir}'
exec_prefix='${prefix}'
host_alias=''
htmldir='${docdir}'
includedir='${prefix}/include'
infodir='${datarootdir}/info'
install_sh='${SHELL} /home/jeb/BUILD/aj-snapshot/aj-snapshot-0.9.9/install-sh'
libdir='${exec_prefix}/lib'
libexecdir='${exec_prefix}/libexec'
localedir='${datarootdir}/locale'
localstatedir='${prefix}/var'
mandir='${datarootdir}/man'
mkdir_p='$(MKDIR_P)'
oldincludedir='/usr/include'
pdfdir='${docdir}'
prefix='/usr/local'
program_transform_name='s,x,x,'
psdir='${docdir}'
sbindir='${exec_prefix}/sbin'
sharedstatedir='${prefix}/com'
sysconfdir='${prefix}/etc'
target_alias=''

## ----------- ##
## confdefs.h. ##
## ----------- ##

/* confdefs.h */
#define PACKAGE_NAME "aj-snapshot"
#define PACKAGE_TARNAME "aj-snapshot"
#define PACKAGE_VERSION "0.9.9"
#define PACKAGE_STRING "aj-snapshot 0.9.9"
#define PACKAGE_BUGREPORT "lievenmoors@gmail.com"
#define PACKAGE_URL ""
#define PACKAGE "aj-snapshot"
#define VERSION "0.9.9"
#define STDC_HEADERS 1
#define HAVE_SYS_TYPES_H 1
#define HAVE_SYS_STAT_H 1
#define HAVE_STDLIB_H 1
#define HAVE_STRING_H 1
#define HAVE_MEMORY_H 1
#define HAVE_STRINGS_H 1
#define HAVE_INTTYPES_H 1
#define HAVE_STDINT_H 1
#define HAVE_UNISTD_H 1
#define HAVE_LIBASOUND 1
#define HAVE_LIBJACK 1
#define HAVE_LIBMXML 1

configure: exit 0
