Determining if the pthread_create exist failed with the following output:
Change Dir: /home/jeb/BNR/BUILD/fluidsynth1/fluidsynth-1.1.11-1+deb10u1.1/obj-x86_64-linux-gnu/CMakeFiles/CMakeTmp

Run Build Command:"/usr/bin/make" "cmTC_fcba1/fast"
make[2]: Entering directory '/home/jeb/BNR/BUILD/fluidsynth1/fluidsynth-1.1.11-1+deb10u1.1/obj-x86_64-linux-gnu/CMakeFiles/CMakeTmp'
/usr/bin/make -f CMakeFiles/cmTC_fcba1.dir/build.make CMakeFiles/cmTC_fcba1.dir/build
make[3]: Entering directory '/home/jeb/BNR/BUILD/fluidsynth1/fluidsynth-1.1.11-1+deb10u1.1/obj-x86_64-linux-gnu/CMakeFiles/CMakeTmp'
Building C object CMakeFiles/cmTC_fcba1.dir/CheckSymbolExists.c.o
/usr/bin/cc -DTESTKEYWORD=inline  -march=native -mtune=native -O3 -march=native -mtune=native -O3 -march=native -mtune=native -O3 -march=native -mtune=native -O3 -march=native -mtune=native -O3 -march=native -mtune=native -O3    -o CMakeFiles/cmTC_fcba1.dir/CheckSymbolExists.c.o   -c /home/jeb/BNR/BUILD/fluidsynth1/fluidsynth-1.1.11-1+deb10u1.1/obj-x86_64-linux-gnu/CMakeFiles/CMakeTmp/CheckSymbolExists.c
Linking C executable cmTC_fcba1
/usr/bin/cmake -E cmake_link_script CMakeFiles/cmTC_fcba1.dir/link.txt --verbose=1
/usr/bin/cc -march=native -mtune=native -O3 -march=native -mtune=native -O3 -march=native -mtune=native -O3 -march=native -mtune=native -O3 -march=native -mtune=native -O3 -march=native -mtune=native -O3   -Wl,-z,relro -Wl,-z,now -Wl,--as-needed  -rdynamic CMakeFiles/cmTC_fcba1.dir/CheckSymbolExists.c.o  -o cmTC_fcba1 
/usr/bin/ld: CMakeFiles/cmTC_fcba1.dir/CheckSymbolExists.c.o: in function `main':
CheckSymbolExists.c:(.text.startup+0x3): undefined reference to `pthread_create'
collect2: error: ld returned 1 exit status
make[3]: *** [CMakeFiles/cmTC_fcba1.dir/build.make:87: cmTC_fcba1] Error 1
make[3]: Leaving directory '/home/jeb/BNR/BUILD/fluidsynth1/fluidsynth-1.1.11-1+deb10u1.1/obj-x86_64-linux-gnu/CMakeFiles/CMakeTmp'
make[2]: *** [Makefile:121: cmTC_fcba1/fast] Error 2
make[2]: Leaving directory '/home/jeb/BNR/BUILD/fluidsynth1/fluidsynth-1.1.11-1+deb10u1.1/obj-x86_64-linux-gnu/CMakeFiles/CMakeTmp'

File /home/jeb/BNR/BUILD/fluidsynth1/fluidsynth-1.1.11-1+deb10u1.1/obj-x86_64-linux-gnu/CMakeFiles/CMakeTmp/CheckSymbolExists.c:
/* */
#include <pthread.h>

int main(int argc, char** argv)
{
  (void)argv;
#ifndef pthread_create
  return ((int*)(&pthread_create))[argc];
#else
  (void)argc;
  return 0;
#endif
}

Determining if the function pthread_create exists in the pthreads failed with the following output:
Change Dir: /home/jeb/BNR/BUILD/fluidsynth1/fluidsynth-1.1.11-1+deb10u1.1/obj-x86_64-linux-gnu/CMakeFiles/CMakeTmp

Run Build Command:"/usr/bin/make" "cmTC_ec2a5/fast"
make[2]: Entering directory '/home/jeb/BNR/BUILD/fluidsynth1/fluidsynth-1.1.11-1+deb10u1.1/obj-x86_64-linux-gnu/CMakeFiles/CMakeTmp'
/usr/bin/make -f CMakeFiles/cmTC_ec2a5.dir/build.make CMakeFiles/cmTC_ec2a5.dir/build
make[3]: Entering directory '/home/jeb/BNR/BUILD/fluidsynth1/fluidsynth-1.1.11-1+deb10u1.1/obj-x86_64-linux-gnu/CMakeFiles/CMakeTmp'
Building C object CMakeFiles/cmTC_ec2a5.dir/CheckFunctionExists.c.o
/usr/bin/cc -DTESTKEYWORD=inline  -march=native -mtune=native -O3 -march=native -mtune=native -O3 -march=native -mtune=native -O3 -march=native -mtune=native -O3 -march=native -mtune=native -O3 -march=native -mtune=native -O3 -DCHECK_FUNCTION_EXISTS=pthread_create   -o CMakeFiles/cmTC_ec2a5.dir/CheckFunctionExists.c.o   -c /usr/share/cmake-3.13/Modules/CheckFunctionExists.c
Linking C executable cmTC_ec2a5
/usr/bin/cmake -E cmake_link_script CMakeFiles/cmTC_ec2a5.dir/link.txt --verbose=1
/usr/bin/cc -march=native -mtune=native -O3 -march=native -mtune=native -O3 -march=native -mtune=native -O3 -march=native -mtune=native -O3 -march=native -mtune=native -O3 -march=native -mtune=native -O3 -DCHECK_FUNCTION_EXISTS=pthread_create  -Wl,-z,relro -Wl,-z,now -Wl,--as-needed  -rdynamic CMakeFiles/cmTC_ec2a5.dir/CheckFunctionExists.c.o  -o cmTC_ec2a5 -lpthreads 
/usr/bin/ld: cannot find -lpthreads
collect2: error: ld returned 1 exit status
make[3]: *** [CMakeFiles/cmTC_ec2a5.dir/build.make:87: cmTC_ec2a5] Error 1
make[3]: Leaving directory '/home/jeb/BNR/BUILD/fluidsynth1/fluidsynth-1.1.11-1+deb10u1.1/obj-x86_64-linux-gnu/CMakeFiles/CMakeTmp'
make[2]: *** [Makefile:121: cmTC_ec2a5/fast] Error 2
make[2]: Leaving directory '/home/jeb/BNR/BUILD/fluidsynth1/fluidsynth-1.1.11-1+deb10u1.1/obj-x86_64-linux-gnu/CMakeFiles/CMakeTmp'


